<?xml version="1.0" encoding="UTF-8"?>
<!-- Generated by org.testng.reporters.JUnitReportReporter -->
<testsuite hostname="salimsouidi" failures="0" tests="2" name="pagestests.RegisterPageTest" time="4.074" errors="0" timestamp="2024-07-24T21:51:24 GMT+01:00" skipped="0">
  <testcase classname="pagestests.RegisterPageTest" name="verifyElementOfRegisterTest" time="1.067"/>
  <testcase classname="pagestests.RegisterPageTest" name="registerPageTest" time="3.007"/>
</testsuite> <!-- pagestests.RegisterPageTest -->
