<?xml version="1.0" encoding="UTF-8"?>
<!-- Generated by org.testng.reporters.JUnitReportReporter -->
<testsuite hostname="salimsouidi" failures="0" tests="1" name="pagestests.AddItemToCartTest" time="2.989" errors="0" timestamp="2024-07-24T21:51:24 GMT+01:00" skipped="0">
  <testcase classname="pagestests.AddItemToCartTest" name="addItemTest" time="2.989"/>
</testsuite> <!-- pagestests.AddItemToCartTest -->
