<?xml version="1.0" encoding="UTF-8"?>
<!-- Generated by org.testng.reporters.JUnitReportReporter -->
<testsuite hostname="salimsouidi" failures="0" tests="2" name="pagestests.RegisterPageTest" time="8.601" errors="0" timestamp="2024-07-21T22:04:38 GMT+01:00" skipped="0">
  <testcase classname="pagestests.RegisterPageTest" name="verifyElementOfRegisterTest" time="3.141"/>
  <testcase classname="pagestests.RegisterPageTest" name="registerPageTest" time="5.460"/>
</testsuite> <!-- pagestests.RegisterPageTest -->
