<?xml version="1.0" encoding="UTF-8"?>
<!-- Generated by org.testng.reporters.JUnitReportReporter -->
<testsuite hostname="salimsouidi" failures="0" tests="1" name="pagestests.ErrorRegisterTest" time="1.276" errors="0" timestamp="2024-07-10T22:02:53 GMT+01:00" skipped="0">
  <testcase classname="pagestests.ErrorRegisterTest" name="errorFirstNameTest" time="1.276"/>
</testsuite> <!-- pagestests.ErrorRegisterTest -->
