<?xml version="1.0" encoding="UTF-8"?>
<!-- Generated by org.testng.reporters.JUnitReportReporter -->
<testsuite hostname="salimsouidi" failures="0" tests="1" name="pagestests.LoginPageTest" time="3.435" errors="0" timestamp="2024-07-21T22:04:38 GMT+01:00" skipped="0">
  <testcase classname="pagestests.LoginPageTest" name="loginPageTest" time="3.435"/>
</testsuite> <!-- pagestests.LoginPageTest -->
