<?xml version="1.0" encoding="UTF-8"?>
<!-- Generated by org.testng.reporters.JUnitReportReporter -->
<testsuite hostname="salimsouidi" failures="0" tests="1" name="pagestests.RegisterPageTest" time="0.872" errors="0" timestamp="2024-07-07T23:08:09 GMT+01:00" skipped="0">
  <testcase classname="pagestests.RegisterPageTest" name="registerPageTest" time="0.872"/>
</testsuite> <!-- pagestests.RegisterPageTest -->
