<?xml version="1.0" encoding="UTF-8"?>
<!-- Generated by org.testng.reporters.JUnitReportReporter -->
<testsuite hostname="salimsouidi" failures="0" tests="1" name="pagestests.RegisterPageTest" time="3.481" errors="0" timestamp="2024-07-10T22:02:53 GMT+01:00" skipped="0">
  <testcase classname="pagestests.RegisterPageTest" name="registerPageTest" time="3.481"/>
</testsuite> <!-- pagestests.RegisterPageTest -->
