<?xml version="1.0" encoding="UTF-8"?>
<!-- Generated by org.testng.reporters.JUnitReportReporter -->
<testsuite hostname="salimsouidi" failures="0" tests="1" name="pagestests.ErrorRegisterTest" time="1.456" errors="0" timestamp="2024-07-17T20:52:43 GMT+01:00" skipped="0">
  <testcase classname="pagestests.ErrorRegisterTest" name="errorFirstNameTest" time="1.456"/>
</testsuite> <!-- pagestests.ErrorRegisterTest -->
