<?xml version="1.0" encoding="UTF-8"?>
<!-- Generated by org.testng.reporters.JUnitReportReporter -->
<testsuite hostname="salimsouidi" failures="0" tests="1" name="pagestests.LoginPageTest" time="1.802" errors="0" timestamp="2024-07-24T21:51:24 GMT+01:00" skipped="0">
  <testcase classname="pagestests.LoginPageTest" name="loginPageTest" time="1.802"/>
</testsuite> <!-- pagestests.LoginPageTest -->
